\BOOKMARK [1][-]{section.1}{\376\377\000E\000x\000e\000c\000u\000t\000i\000v\000e\000\040\000O\000v\000e\000r\000v\000i\000e\000w}{}% 1
\BOOKMARK [1][-]{section.2}{\376\377\000A\000r\000c\000h\000i\000t\000e\000c\000t\000u\000r\000e\000\040\000\046\000\040\000D\000a\000t\000a\000\040\000F\000l\000o\000w}{}% 2
\BOOKMARK [1][-]{section.3}{\376\377\000C\000o\000n\000f\000i\000g\000u\000r\000a\000t\000i\000o\000n\000\040\000\046\000\040\000F\000e\000a\000t\000u\000r\000e\000\040\000G\000a\000t\000i\000n\000g}{}% 3
\BOOKMARK [1][-]{section.4}{\376\377\000G\000e\000t\000t\000i\000n\000g\000\040\000S\000t\000a\000r\000t\000e\000d\000\040\000\050\000R\000u\000n\000b\000o\000o\000k\000\051}{}% 4
\BOOKMARK [2][-]{subsection.4.1}{\376\377\000I\000n\000s\000t\000a\000l\000l\000\040\000a\000n\000d\000\040\000r\000u\000n}{section.4}% 5
\BOOKMARK [2][-]{subsection.4.2}{\376\377\000W\000h\000a\000t\000\040\000`\000`\000o\000p\000t\000i\000o\000n\000a\000l\000\040\000e\000x\000t\000r\000a\000s\000'\000'\000\040\000m\000e\000a\000n}{section.4}% 6
\BOOKMARK [2][-]{subsection.4.3}{\376\377\000W\000h\000e\000r\000e\000\040\000o\000u\000t\000p\000u\000t\000s\000\040\000l\000i\000v\000e}{section.4}% 7
\BOOKMARK [1][-]{section.5}{\376\377\000C\000o\000r\000e\000\040\000C\000o\000n\000c\000e\000p\000t\000s\000\040\000\050\000t\000h\000e\000\040\000m\000i\000n\000i\000m\000a\000l\000\040\000v\000o\000c\000a\000b\000u\000l\000a\000r\000y\000\051}{}% 8
\BOOKMARK [1][-]{section.6}{\376\377\000H\000i\000g\000h\000-\000L\000e\000v\000e\000l\000\040\000M\000e\000t\000h\000o\000d\000s\000\040\000O\000v\000e\000r\000v\000i\000e\000w\000\040\000\050\000w\000h\000y\000\040\000t\000h\000e\000s\000e\000\040\000f\000e\000a\000t\000u\000r\000e\000s\000\040\000e\000x\000i\000s\000t\000\051}{}% 9
\BOOKMARK [2][-]{subsection.6.1}{\376\377\000M\000a\000c\000r\000o\000\040\000t\000r\000a\000n\000s\000f\000o\000r\000m\000s\000\040\000\050\000i\000n\000f\000l\000a\000t\000i\000o\000n\000,\000\040\000g\000r\000o\000w\000t\000h\000,\000\040\000s\000p\000r\000e\000a\000d\000s\000,\000\040\000r\000e\000a\000l\000\040\000r\000a\000t\000e\000s\000\051}{section.6}% 10
\BOOKMARK [2][-]{subsection.6.2}{\376\377\000E\000c\000o\000n\000o\000m\000e\000t\000r\000i\000c\000s\000\040\000\050\000O\000L\000S\000,\000\040\000A\000R\000\050\0001\000\051\000,\000\040\000l\000o\000c\000a\000l\000\040\000p\000r\000o\000j\000e\000c\000t\000i\000o\000n\000s\000/\000I\000R\000F\000s\000\051}{section.6}% 11
\BOOKMARK [2][-]{subsection.6.3}{\376\377\000F\000o\000r\000e\000c\000a\000s\000t\000i\000n\000g\000\040\000\050\000b\000a\000s\000e\000l\000i\000n\000e\000s\000,\000\040\000s\000t\000a\000t\000i\000s\000t\000i\000c\000a\000l\000\040\000m\000o\000d\000e\000l\000s\000,\000\040\000a\000n\000d\000\040\000M\000L\000\040\000l\000a\000g\000s\000\051}{section.6}% 12
\BOOKMARK [2][-]{subsection.6.4}{\376\377\000T\000e\000c\000h\000n\000i\000c\000a\000l\000\040\000i\000n\000d\000i\000c\000a\000t\000o\000r\000s\000\040\000a\000n\000d\000\040\000n\000e\000w\000s\000\040\000s\000e\000n\000t\000i\000m\000e\000n\000t}{section.6}% 13
\BOOKMARK [1][-]{section.7}{\376\377\000W\000o\000r\000k\000e\000d\000\040\000E\000x\000a\000m\000p\000l\000e\000s\000\040\000\050\000e\000n\000d\000-\000t\000o\000-\000e\000n\000d\000\040\000w\000o\000r\000k\000f\000l\000o\000w\000s\000\051}{}% 14
\BOOKMARK [2][-]{subsection.7.1}{\376\377\000E\000x\000a\000m\000p\000l\000e\000\040\000A\000:\000\040\000C\000P\000I\000\040\000t\000o\000\040\000Y\000o\000Y\000\040\000i\000n\000f\000l\000a\000t\000i\000o\000n\000\040\000t\000o\000\040\000p\000l\000o\000t}{section.7}% 15
\BOOKMARK [2][-]{subsection.7.2}{\376\377\000E\000x\000a\000m\000p\000l\000e\000\040\000B\000:\000\040\000a\000\040\000s\000e\000r\000i\000e\000s\000\040\000t\000o\000\040\000b\000a\000s\000e\000l\000i\000n\000e\000\040\000f\000o\000r\000e\000c\000a\000s\000t\000s\000\040\000t\000o\000\040\000A\000R\000I\000M\000A}{section.7}% 16
\BOOKMARK [2][-]{subsection.7.3}{\376\377\000E\000x\000a\000m\000p\000l\000e\000\040\000C\000:\000\040\000b\000u\000i\000l\000d\000\040\000a\000\040\000r\000e\000g\000r\000e\000s\000s\000i\000o\000n\000\040\000d\000a\000t\000a\000s\000e\000t\000,\000\040\000r\000u\000n\000\040\000O\000L\000S\000,\000\040\000i\000n\000t\000e\000r\000p\000r\000e\000t}{section.7}% 17
\BOOKMARK [1][-]{section.8}{\376\377\000G\000l\000o\000s\000s\000a\000r\000y\000\040\000\050\000q\000u\000i\000c\000k\000\040\000d\000e\000f\000i\000n\000i\000t\000i\000o\000n\000s\000\051}{}% 18
\BOOKMARK [1][-]{section.9}{\376\377\000R\000e\000f\000e\000r\000e\000n\000c\000e\000:\000\040\000F\000e\000a\000t\000u\000r\000e\000\040\000I\000n\000d\000e\000x}{}% 19
\BOOKMARK [1][-]{section.10}{\376\377\000F\000e\000a\000t\000u\000r\000e\000\040\000W\000r\000i\000t\000e\000u\000p\000s}{}% 20
\BOOKMARK [2][-]{subsection.10.1}{\376\377\000D\000a\000t\000a\000\040\000I\000n\000g\000e\000s\000t\000i\000o\000n}{section.10}% 21
\BOOKMARK [3][-]{subsubsection.10.1.1}{\376\377\000Y\000F\000i\000n\000a\000n\000c\000e\000P\000r\000o\000v\000i\000d\000e\000r}{subsection.10.1}% 22
\BOOKMARK [3][-]{subsubsection.10.1.2}{\376\377\000F\000M\000P\000P\000r\000o\000v\000i\000d\000e\000r}{subsection.10.1}% 23
\BOOKMARK [3][-]{subsubsection.10.1.3}{\376\377\000F\000R\000E\000D\000P\000r\000o\000v\000i\000d\000e\000r}{subsection.10.1}% 24
\BOOKMARK [3][-]{subsubsection.10.1.4}{\376\377\000G\000D\000E\000L\000T\000P\000r\000o\000v\000i\000d\000e\000r}{subsection.10.1}% 25
\BOOKMARK [2][-]{subsection.10.2}{\376\377\000I\000n\000f\000r\000a\000s\000t\000r\000u\000c\000t\000u\000r\000e}{section.10}% 26
\BOOKMARK [3][-]{subsubsection.10.2.1}{\376\377\000P\000r\000o\000v\000i\000d\000e\000r\000R\000e\000g\000i\000s\000t\000r\000y}{subsection.10.2}% 27
\BOOKMARK [3][-]{subsubsection.10.2.2}{\376\377\000P\000r\000o\000v\000i\000d\000e\000r\000\040\000b\000a\000s\000e\000\040\000p\000r\000o\000t\000o\000c\000o\000l}{subsection.10.2}% 28
\BOOKMARK [2][-]{subsection.10.3}{\376\377\000F\000o\000r\000e\000c\000a\000s\000t\000i\000n\000g}{section.10}% 29
\BOOKMARK [3][-]{subsubsection.10.3.1}{\376\377\000N\000a\000i\000v\000e\000F\000o\000r\000e\000c\000a\000s\000t\000R\000e\000c\000i\000p\000e}{subsection.10.3}% 30
\BOOKMARK [3][-]{subsubsection.10.3.2}{\376\377\000D\000r\000i\000f\000t\000F\000o\000r\000e\000c\000a\000s\000t\000R\000e\000c\000i\000p\000e}{subsection.10.3}% 31
\BOOKMARK [3][-]{subsubsection.10.3.3}{\376\377\000E\000T\000S\000F\000o\000r\000e\000c\000a\000s\000t\000R\000e\000c\000i\000p\000e}{subsection.10.3}% 32
\BOOKMARK [3][-]{subsubsection.10.3.4}{\376\377\000A\000R\000I\000M\000A\000F\000o\000r\000e\000c\000a\000s\000t\000R\000e\000c\000i\000p\000e}{subsection.10.3}% 33
\BOOKMARK [3][-]{subsubsection.10.3.5}{\376\377\000R\000i\000d\000g\000e\000L\000a\000g\000F\000o\000r\000e\000c\000a\000s\000t\000R\000e\000c\000i\000p\000e}{subsection.10.3}% 34
\BOOKMARK [3][-]{subsubsection.10.3.6}{\376\377\000R\000a\000n\000d\000o\000m\000F\000o\000r\000e\000s\000t\000L\000a\000g\000F\000o\000r\000e\000c\000a\000s\000t\000R\000e\000c\000i\000p\000e}{subsection.10.3}% 35
\BOOKMARK [3][-]{subsubsection.10.3.7}{\376\377\000F\000o\000r\000e\000c\000a\000s\000t\000\040\000u\000t\000i\000l\000i\000t\000i\000e\000s}{subsection.10.3}% 36
\BOOKMARK [2][-]{subsection.10.4}{\376\377\000M\000a\000c\000r\000o\000\040\000T\000r\000a\000n\000s\000f\000o\000r\000m\000s}{section.10}% 37
\BOOKMARK [3][-]{subsubsection.10.4.1}{\376\377\000I\000n\000f\000l\000a\000t\000i\000o\000n\000Y\000o\000Y\000R\000e\000c\000i\000p\000e}{subsection.10.4}% 38
\BOOKMARK [3][-]{subsubsection.10.4.2}{\376\377\000I\000n\000f\000l\000a\000t\000i\000o\000n\000M\000o\000M\000A\000n\000n\000R\000e\000c\000i\000p\000e}{subsection.10.4}% 39
\BOOKMARK [3][-]{subsubsection.10.4.3}{\376\377\000G\000r\000o\000w\000t\000h\000Q\000o\000Q\000A\000n\000n\000R\000e\000c\000i\000p\000e}{subsection.10.4}% 40
\BOOKMARK [3][-]{subsubsection.10.4.4}{\376\377\000S\000p\000r\000e\000a\000d\000R\000e\000c\000i\000p\000e}{subsection.10.4}% 41
\BOOKMARK [3][-]{subsubsection.10.4.5}{\376\377\000R\000e\000a\000l\000R\000a\000t\000e\000R\000e\000c\000i\000p\000e}{subsection.10.4}% 42
\BOOKMARK [2][-]{subsection.10.5}{\376\377\000E\000c\000o\000n\000o\000m\000e\000t\000r\000i\000c\000s}{section.10}% 43
\BOOKMARK [3][-]{subsubsection.10.5.1}{\376\377\000O\000L\000S\000R\000e\000c\000i\000p\000e}{subsection.10.5}% 44
\BOOKMARK [3][-]{subsubsection.10.5.2}{\376\377\000A\000R\0001\000R\000e\000c\000i\000p\000e}{subsection.10.5}% 45
\BOOKMARK [3][-]{subsubsection.10.5.3}{\376\377\000L\000o\000c\000a\000l\000P\000r\000o\000j\000e\000c\000t\000i\000o\000n\000I\000R\000F\000R\000e\000c\000i\000p\000e}{subsection.10.5}% 46
\BOOKMARK [2][-]{subsection.10.6}{\376\377\000N\000e\000w\000s\000\040\000P\000r\000o\000c\000e\000s\000s\000i\000n\000g}{section.10}% 47
\BOOKMARK [3][-]{subsubsection.10.6.1}{\376\377\000F\000i\000n\000B\000E\000R\000T\000D\000a\000i\000l\000y\000S\000e\000n\000t\000i\000m\000e\000n\000t\000R\000e\000c\000i\000p\000e}{subsection.10.6}% 48
\BOOKMARK [2][-]{subsection.10.7}{\376\377\000T\000e\000c\000h\000n\000i\000c\000a\000l\000\040\000I\000n\000d\000i\000c\000a\000t\000o\000r\000s}{section.10}% 49
\BOOKMARK [3][-]{subsubsection.10.7.1}{\376\377\000S\000i\000m\000p\000l\000e\000M\000o\000v\000i\000n\000g\000A\000v\000e\000r\000a\000g\000e\000R\000e\000c\000i\000p\000e}{subsection.10.7}% 50
\BOOKMARK [3][-]{subsubsection.10.7.2}{\376\377\000E\000x\000p\000o\000n\000e\000n\000t\000i\000a\000l\000M\000o\000v\000i\000n\000g\000A\000v\000e\000r\000a\000g\000e\000R\000e\000c\000i\000p\000e}{subsection.10.7}% 51
\BOOKMARK [3][-]{subsubsection.10.7.3}{\376\377\000R\000S\000I\000R\000e\000c\000i\000p\000e}{subsection.10.7}% 52
\BOOKMARK [3][-]{subsubsection.10.7.4}{\376\377\000M\000A\000C\000D\000R\000e\000c\000i\000p\000e}{subsection.10.7}% 53
\BOOKMARK [3][-]{subsubsection.10.7.5}{\376\377\000R\000o\000l\000l\000i\000n\000g\000V\000o\000l\000a\000t\000i\000l\000i\000t\000y\000R\000e\000c\000i\000p\000e}{subsection.10.7}% 54
\BOOKMARK [2][-]{subsection.10.8}{\376\377\000T\000i\000m\000e\000\040\000S\000e\000r\000i\000e\000s\000\040\000T\000r\000a\000n\000s\000f\000o\000r\000m\000s}{section.10}% 55
\BOOKMARK [3][-]{subsubsection.10.8.1}{\376\377\000L\000o\000g\000R\000e\000t\000u\000r\000n\000s\000R\000e\000c\000i\000p\000e}{subsection.10.8}% 56
\BOOKMARK [3][-]{subsubsection.10.8.2}{\376\377\000R\000o\000l\000l\000i\000n\000g\000Z\000S\000c\000o\000r\000e\000R\000e\000c\000i\000p\000e}{subsection.10.8}% 57
\BOOKMARK [2][-]{subsection.10.9}{\376\377\000I\000n\000f\000r\000a\000s\000t\000r\000u\000c\000t\000u\000r\000e\000\040\000\050\000c\000o\000n\000t\000i\000n\000u\000e\000d\000\051}{section.10}% 58
\BOOKMARK [3][-]{subsubsection.10.9.1}{\376\377\000R\000e\000c\000i\000p\000e\000R\000e\000g\000i\000s\000t\000r\000y}{subsection.10.9}% 59
\BOOKMARK [3][-]{subsubsection.10.9.2}{\376\377\000R\000e\000c\000i\000p\000e\000\040\000b\000a\000s\000e\000\040\000p\000r\000o\000t\000o\000c\000o\000l}{subsection.10.9}% 60
\BOOKMARK [3][-]{subsubsection.10.9.3}{\376\377\000S\000Q\000L\000i\000t\000e\000S\000t\000o\000r\000a\000g\000e}{subsection.10.9}% 61
\BOOKMARK [3][-]{subsubsection.10.9.4}{\376\377\000J\000o\000b\000R\000u\000n\000n\000e\000r}{subsection.10.9}% 62
\BOOKMARK [3][-]{subsubsection.10.9.5}{\376\377\000P\000i\000p\000e\000l\000i\000n\000e\000\040\000s\000u\000b\000m\000i\000s\000s\000i\000o\000n}{subsection.10.9}% 63
\BOOKMARK [2][-]{subsection.10.10}{\376\377\000D\000a\000t\000a\000s\000e\000t\000s}{section.10}% 64
\BOOKMARK [3][-]{subsubsection.10.10.1}{\376\377\000b\000u\000i\000l\000d\000\137\000m\000e\000r\000g\000e\000d\000\137\000d\000a\000t\000a\000s\000e\000t}{subsection.10.10}% 65
\BOOKMARK [2][-]{subsection.10.11}{\376\377\000V\000i\000s\000u\000a\000l\000i\000z\000a\000t\000i\000o\000n}{section.10}% 66
\BOOKMARK [3][-]{subsubsection.10.11.1}{\376\377\000p\000l\000o\000t\000\137\000t\000i\000m\000e\000s\000e\000r\000i\000e\000s}{subsection.10.11}% 67
\BOOKMARK [3][-]{subsubsection.10.11.2}{\376\377\000b\000u\000i\000l\000d\000\137\000r\000e\000c\000e\000s\000s\000i\000o\000n\000\137\000i\000n\000t\000e\000r\000v\000a\000l\000s}{subsection.10.11}% 68
\BOOKMARK [2][-]{subsection.10.12}{\376\377\000U\000I\000\040\000\046\000\040\000C\000o\000n\000f\000i\000g}{section.10}% 69
\BOOKMARK [3][-]{subsubsection.10.12.1}{\376\377\000T\000i\000m\000e\000\040\000s\000e\000r\000i\000e\000s\000\040\000c\000a\000t\000a\000l\000o\000g}{subsection.10.12}% 70
\BOOKMARK [3][-]{subsubsection.10.12.2}{\376\377\000A\000p\000p\000C\000o\000n\000f\000i\000g\000\040\000/\000\040\000l\000o\000a\000d\000\137\000c\000o\000n\000f\000i\000g}{subsection.10.12}% 71
\BOOKMARK [3][-]{subsubsection.10.12.3}{\376\377\000O\000p\000t\000i\000o\000n\000a\000l\000\040\000d\000e\000p\000e\000n\000d\000e\000n\000c\000y\000\040\000h\000e\000l\000p\000e\000r\000s}{subsection.10.12}% 72
\BOOKMARK [3][-]{subsubsection.10.12.4}{\376\377\000M\000a\000i\000n\000\040\000S\000t\000r\000e\000a\000m\000l\000i\000t\000\040\000a\000p\000p}{subsection.10.12}% 73
\BOOKMARK [3][-]{subsubsection.10.12.5}{\376\377\000L\000e\000g\000a\000c\000y\000\040\000p\000a\000g\000e\000s}{subsection.10.12}% 74
\BOOKMARK [3][-]{subsubsection.10.12.6}{\376\377\000E\0002\000E\000\040\000s\000m\000o\000k\000e\000\040\000s\000c\000r\000i\000p\000t}{subsection.10.12}% 75
\BOOKMARK [1][-]{section.11}{\376\377\000C\000o\000m\000p\000l\000e\000t\000e\000n\000e\000s\000s\000\040\000C\000h\000e\000c\000k\000l\000i\000s\000t}{}% 76
