\BOOKMARK [1][-]{section.1}{\376\377\000H\000o\000w\000\040\000t\000o\000\040\000u\000s\000e\000\040\000t\000h\000i\000s\000\040\000s\000h\000e\000e\000t}{}% 1
\BOOKMARK [1][-]{section.2}{\376\377\000S\000h\000a\000r\000e\000d\000\040\000r\000e\000q\000u\000i\000r\000e\000m\000e\000n\000t\000s\000\040\000a\000c\000r\000o\000s\000s\000\040\000a\000l\000l\000\040\000m\000o\000d\000e\000l\000s}{}% 2
\BOOKMARK [1][-]{section.3}{\376\377\000M\000o\000d\000e\000l\000\040\0001\000:\000\040\000S\000t\000o\000c\000h\000a\000s\000t\000i\000c\000\040\000c\000o\000n\000s\000u\000m\000p\000t\000i\000o\000n\000-\000s\000a\000v\000i\000n\000g\000s}{}% 3
\BOOKMARK [2][-]{subsection.3.1}{\376\377\000P\000u\000r\000p\000o\000s\000e}{section.3}% 4
\BOOKMARK [2][-]{subsection.3.2}{\376\377\000B\000e\000l\000l\000m\000a\000n\000\040\000e\000q\000u\000a\000t\000i\000o\000n}{section.3}% 5
\BOOKMARK [2][-]{subsection.3.3}{\376\377\000B\000u\000d\000g\000e\000t\000\040\000c\000o\000n\000s\000t\000r\000a\000i\000n\000t}{section.3}% 6
\BOOKMARK [2][-]{subsection.3.4}{\376\377\000U\000t\000i\000l\000i\000t\000y\000\040\000f\000u\000n\000c\000t\000i\000o\000n}{section.3}% 7
\BOOKMARK [2][-]{subsection.3.5}{\376\377\000S\000t\000a\000t\000e\000,\000\040\000c\000o\000n\000t\000r\000o\000l\000,\000\040\000a\000n\000d\000\040\000s\000h\000o\000c\000k\000\040\000i\000d\000e\000n\000t\000i\000f\000i\000c\000a\000t\000i\000o\000n}{section.3}% 8
\BOOKMARK [2][-]{subsection.3.6}{\376\377\000T\000r\000a\000n\000s\000i\000t\000i\000o\000n\000\040\000m\000a\000t\000r\000i\000x}{section.3}% 9
\BOOKMARK [2][-]{subsection.3.7}{\376\377\000T\000i\000m\000i\000n\000g\000\040\000c\000o\000n\000v\000e\000n\000t\000i\000o\000n}{section.3}% 10
\BOOKMARK [2][-]{subsection.3.8}{\376\377\000F\000e\000a\000s\000i\000b\000i\000l\000i\000t\000y\000\040\000c\000o\000n\000d\000i\000t\000i\000o\000n\000s}{section.3}% 11
\BOOKMARK [2][-]{subsection.3.9}{\376\377\000P\000a\000r\000a\000m\000e\000t\000e\000r\000s}{section.3}% 12
\BOOKMARK [2][-]{subsection.3.10}{\376\377\000S\000o\000l\000v\000e\000r\000\040\000m\000u\000s\000t\000\040\000r\000e\000t\000u\000r\000n}{section.3}% 13
\BOOKMARK [2][-]{subsection.3.11}{\376\377\000S\000i\000m\000u\000l\000a\000t\000e\000,\000\040\000f\000o\000r\000e\000c\000a\000s\000t\000,\000\040\000a\000n\000d\000\040\000p\000l\000o\000t}{section.3}% 14
\BOOKMARK [2][-]{subsection.3.12}{\376\377\000C\000o\000u\000r\000s\000e\000-\000n\000o\000t\000e\000\040\000f\000i\000d\000e\000l\000i\000t\000y\000\040\000c\000h\000e\000c\000k}{section.3}% 15
\BOOKMARK [1][-]{section.4}{\376\377\000M\000o\000d\000e\000l\000\040\0002\000:\000\040\000S\000t\000o\000c\000h\000a\000s\000t\000i\000c\000\040\000R\000o\000b\000i\000n\000s\000o\000n\000\040\000C\000r\000u\000s\000o\000e\000\040\000e\000c\000o\000n\000o\000m\000y}{}% 16
\BOOKMARK [2][-]{subsection.4.1}{\376\377\000P\000u\000r\000p\000o\000s\000e}{section.4}% 17
\BOOKMARK [2][-]{subsection.4.2}{\376\377\000B\000e\000l\000l\000m\000a\000n\000\040\000e\000q\000u\000a\000t\000i\000o\000n}{section.4}% 18
\BOOKMARK [2][-]{subsection.4.3}{\376\377\000R\000e\000s\000o\000u\000r\000c\000e\000\040\000c\000o\000n\000s\000t\000r\000a\000i\000n\000t}{section.4}% 19
\BOOKMARK [2][-]{subsection.4.4}{\376\377\000P\000r\000o\000d\000u\000c\000t\000i\000o\000n\000\040\000f\000u\000n\000c\000t\000i\000o\000n}{section.4}% 20
\BOOKMARK [2][-]{subsection.4.5}{\376\377\000U\000t\000i\000l\000i\000t\000y\000\040\000f\000u\000n\000c\000t\000i\000o\000n}{section.4}% 21
\BOOKMARK [2][-]{subsection.4.6}{\376\377\000S\000t\000a\000t\000e\000,\000\040\000c\000o\000n\000t\000r\000o\000l\000,\000\040\000a\000n\000d\000\040\000s\000h\000o\000c\000k\000\040\000i\000d\000e\000n\000t\000i\000f\000i\000c\000a\000t\000i\000o\000n}{section.4}% 22
\BOOKMARK [2][-]{subsection.4.7}{\376\377\000T\000r\000a\000n\000s\000i\000t\000i\000o\000n\000\040\000m\000a\000t\000r\000i\000x}{section.4}% 23
\BOOKMARK [2][-]{subsection.4.8}{\376\377\000T\000i\000m\000i\000n\000g\000\040\000c\000o\000n\000v\000e\000n\000t\000i\000o\000n}{section.4}% 24
\BOOKMARK [2][-]{subsection.4.9}{\376\377\000F\000e\000a\000s\000i\000b\000i\000l\000i\000t\000y\000\040\000c\000o\000n\000d\000i\000t\000i\000o\000n\000s}{section.4}% 25
\BOOKMARK [2][-]{subsection.4.10}{\376\377\000P\000a\000r\000a\000m\000e\000t\000e\000r\000s}{section.4}% 26
\BOOKMARK [2][-]{subsection.4.11}{\376\377\000S\000o\000l\000v\000e\000r\000\040\000m\000u\000s\000t\000\040\000r\000e\000t\000u\000r\000n}{section.4}% 27
\BOOKMARK [2][-]{subsection.4.12}{\376\377\000S\000i\000m\000u\000l\000a\000t\000e\000,\000\040\000f\000o\000r\000e\000c\000a\000s\000t\000,\000\040\000a\000n\000d\000\040\000p\000l\000o\000t}{section.4}% 28
\BOOKMARK [2][-]{subsection.4.13}{\376\377\000C\000o\000u\000r\000s\000e\000-\000n\000o\000t\000e\000\040\000f\000i\000d\000e\000l\000i\000t\000y\000\040\000c\000h\000e\000c\000k}{section.4}% 29
\BOOKMARK [1][-]{section.5}{\376\377\000M\000o\000d\000e\000l\000\040\0003\000:\000\040\000E\000n\000d\000o\000g\000e\000n\000o\000u\000s\000\040\000l\000a\000b\000o\000r\000\040\000s\000u\000p\000p\000l\000y}{}% 30
\BOOKMARK [2][-]{subsection.5.1}{\376\377\000P\000u\000r\000p\000o\000s\000e}{section.5}% 31
\BOOKMARK [2][-]{subsection.5.2}{\376\377\000B\000e\000l\000l\000m\000a\000n\000\040\000e\000q\000u\000a\000t\000i\000o\000n}{section.5}% 32
\BOOKMARK [2][-]{subsection.5.3}{\376\377\000B\000u\000d\000g\000e\000t\000\040\000c\000o\000n\000s\000t\000r\000a\000i\000n\000t}{section.5}% 33
\BOOKMARK [2][-]{subsection.5.4}{\376\377\000U\000t\000i\000l\000i\000t\000y\000\040\000f\000u\000n\000c\000t\000i\000o\000n}{section.5}% 34
\BOOKMARK [2][-]{subsection.5.5}{\376\377\000S\000t\000a\000t\000e\000,\000\040\000c\000o\000n\000t\000r\000o\000l\000,\000\040\000a\000n\000d\000\040\000s\000h\000o\000c\000k\000\040\000i\000d\000e\000n\000t\000i\000f\000i\000c\000a\000t\000i\000o\000n}{section.5}% 35
\BOOKMARK [2][-]{subsection.5.6}{\376\377\000T\000r\000a\000n\000s\000i\000t\000i\000o\000n\000\040\000m\000a\000t\000r\000i\000x}{section.5}% 36
\BOOKMARK [2][-]{subsection.5.7}{\376\377\000T\000i\000m\000i\000n\000g\000\040\000c\000o\000n\000v\000e\000n\000t\000i\000o\000n}{section.5}% 37
\BOOKMARK [2][-]{subsection.5.8}{\376\377\000F\000e\000a\000s\000i\000b\000i\000l\000i\000t\000y\000\040\000c\000o\000n\000d\000i\000t\000i\000o\000n\000s}{section.5}% 38
\BOOKMARK [2][-]{subsection.5.9}{\376\377\000P\000a\000r\000a\000m\000e\000t\000e\000r\000s}{section.5}% 39
\BOOKMARK [2][-]{subsection.5.10}{\376\377\000S\000o\000l\000v\000e\000r\000\040\000m\000u\000s\000t\000\040\000r\000e\000t\000u\000r\000n}{section.5}% 40
\BOOKMARK [2][-]{subsection.5.11}{\376\377\000S\000i\000m\000u\000l\000a\000t\000e\000,\000\040\000f\000o\000r\000e\000c\000a\000s\000t\000,\000\040\000a\000n\000d\000\040\000p\000l\000o\000t}{section.5}% 41
\BOOKMARK [2][-]{subsection.5.12}{\376\377\000C\000o\000u\000r\000s\000e\000-\000n\000o\000t\000e\000\040\000f\000i\000d\000e\000l\000i\000t\000y\000\040\000c\000h\000e\000c\000k}{section.5}% 42
\BOOKMARK [1][-]{section.6}{\376\377\000C\000r\000o\000s\000s\000-\000m\000o\000d\000e\000l\000\040\000c\000o\000d\000i\000n\000g\000\040\000c\000o\000n\000v\000e\000n\000t\000i\000o\000n\000s}{}% 43
\BOOKMARK [1][-]{section.7}{\376\377\000B\000e\000f\000o\000r\000e\000\040\000c\000o\000d\000i\000n\000g\000\040\000s\000t\000a\000r\000t\000s\000:\000\040\000f\000i\000n\000a\000l\000\040\000c\000h\000e\000c\000k\000l\000i\000s\000t}{}% 44
