\BOOKMARK [1][-]{section.1}{\376\377\000M\000a\000c\000r\000o\000\040\000P\000r\000o\000j\000e\000c\000t\000\040\0001\000\040\040\024\000\040\000D\000a\000t\000a\000\040\000S\000u\000i\000t\000e\000\040\000\050\000S\000t\000u\000d\000y\000\040\000S\000h\000e\000e\000t\000\051}{}% 1
\BOOKMARK [2][-]{subsection.1.1}{\376\377\000Q\000u\000i\000c\000k\000s\000t\000a\000r\000t\000\040\000\050\000h\000o\000w\000\040\000t\000o\000\040\000r\000u\000n\000\051}{section.1}% 2
\BOOKMARK [2][-]{subsection.1.2}{\376\377\000H\000i\000g\000h\000-\000l\000e\000v\000e\000l\000\040\000a\000r\000c\000h\000i\000t\000e\000c\000t\000u\000r\000e\000\040\000\050\000w\000h\000a\000t\000\040\000r\000u\000n\000s\000\040\000w\000h\000e\000r\000e\000\051}{section.1}% 3
\BOOKMARK [2][-]{subsection.1.3}{\376\377\000C\000o\000m\000m\000o\000n\000\040\000a\000r\000t\000i\000f\000a\000c\000t\000\040\000s\000c\000h\000e\000m\000a\000s\000\040\000\050\000w\000h\000a\000t\000\040\000c\000o\000l\000u\000m\000n\000s\000\040\000t\000o\000\040\000e\000x\000p\000e\000c\000t\000\051}{section.1}% 4
\BOOKMARK [2][-]{subsection.1.4}{\376\377\000E\000n\000d\000-\000t\000o\000-\000e\000n\000d\000\040\000d\000a\000t\000a\000\040\000f\000l\000o\000w\000\040\000d\000i\000a\000g\000r\000a\000m}{section.1}% 5
\BOOKMARK [2][-]{subsection.1.5}{\376\377\000C\000o\000r\000e\000\040\040\034\000m\000e\000n\000t\000a\000l\000\040\000m\000o\000d\000e\000l\040\035\000\040\000t\000y\000p\000e\000s}{section.1}% 6
\BOOKMARK [2][-]{subsection.1.6}{\376\377\000H\000o\000w\000\040\000t\000o\000\040\000r\000e\000a\000d\000\040\000t\000h\000e\000\040\000f\000u\000n\000c\000t\000i\000o\000n\000\040\000w\000r\000i\000t\000e\000-\000u\000p\000s\000\040\000b\000e\000l\000o\000w}{section.1}% 7
\BOOKMARK [1][-]{section.2}{\376\377\000F\000u\000n\000c\000t\000i\000o\000n\000-\000b\000y\000-\000f\000u\000n\000c\000t\000i\000o\000n\000\040\000r\000e\000f\000e\000r\000e\000n\000c\000e}{}% 8
\BOOKMARK [2][-]{subsection.2.1}{\376\377\000s\000t\000r\000e\000a\000m\000l\000i\000t\000\137\000a\000p\000p\000.\000p\000y\000\040\000\050\000U\000I\000,\000\040\000o\000r\000c\000h\000e\000s\000t\000r\000a\000t\000i\000o\000n\000,\000\040\000r\000e\000n\000d\000e\000r\000i\000n\000g\000\051}{section.2}% 9
\BOOKMARK [2][-]{subsection.2.2}{\376\377\000s\000c\000r\000i\000p\000t\000s\000/\000e\0002\000e\000\137\000s\000m\000o\000k\000e\000.\000p\000y\000\040\000\050\000s\000m\000o\000k\000e\000\040\000t\000e\000s\000t\000\040\000e\000n\000t\000r\000y\000p\000o\000i\000n\000t\000\051}{section.2}% 10
\BOOKMARK [2][-]{subsection.2.3}{\376\377\000s\000r\000c\000/\000f\000i\000n\000r\000e\000c\000/\000c\000o\000n\000f\000i\000g\000.\000p\000y\000\040\000\050\000c\000o\000n\000f\000i\000g\000u\000r\000a\000t\000i\000o\000n\000\051}{section.2}% 11
\BOOKMARK [2][-]{subsection.2.4}{\376\377\000s\000r\000c\000/\000f\000i\000n\000r\000e\000c\000/\000j\000o\000b\000s\000/\000r\000u\000n\000n\000e\000r\000.\000p\000y\000\040\000\050\000j\000o\000b\000\040\000e\000x\000e\000c\000u\000t\000i\000o\000n\000\051}{section.2}% 12
\BOOKMARK [2][-]{subsection.2.5}{\376\377\000s\000r\000c\000/\000f\000i\000n\000r\000e\000c\000/\000s\000t\000o\000r\000a\000g\000e\000/\000s\000q\000l\000i\000t\000e\000.\000p\000y\000\040\000\050\000j\000o\000b\000\040\000p\000e\000r\000s\000i\000s\000t\000e\000n\000c\000e\000\051}{section.2}% 13
\BOOKMARK [2][-]{subsection.2.6}{\376\377\000s\000r\000c\000/\000f\000i\000n\000r\000e\000c\000/\000p\000r\000o\000v\000i\000d\000e\000r\000s\000/\000*\000*\000\040\000\050\000d\000a\000t\000a\000\040\000p\000r\000o\000v\000i\000d\000e\000r\000s\000\051}{section.2}% 14
\BOOKMARK [3][-]{subsubsection.2.6.1}{\376\377\000p\000r\000o\000v\000i\000d\000e\000r\000s\000/\000u\000t\000i\000l\000s\000/\000o\000p\000t\000i\000o\000n\000a\000l\000.\000p\000y\000\040\000\050\000o\000p\000t\000i\000o\000n\000a\000l\000\040\000d\000e\000p\000e\000n\000d\000e\000n\000c\000y\000\040\000g\000a\000t\000i\000n\000g\000\051}{subsection.2.6}% 15
\BOOKMARK [3][-]{subsubsection.2.6.2}{\376\377\000p\000r\000o\000v\000i\000d\000e\000r\000s\000/\000r\000e\000g\000i\000s\000t\000r\000y\000.\000p\000y\000\040\000\050\000d\000y\000n\000a\000m\000i\000c\000\040\000p\000r\000o\000v\000i\000d\000e\000r\000\040\000r\000e\000g\000i\000s\000t\000r\000a\000t\000i\000o\000n\000\051}{subsection.2.6}% 16
\BOOKMARK [3][-]{subsubsection.2.6.3}{\376\377\000p\000r\000o\000v\000i\000d\000e\000r\000s\000/\000m\000a\000r\000k\000e\000t\000/\000y\000f\000i\000n\000a\000n\000c\000e\000.\000p\000y\000\040\000\050\000Y\000a\000h\000o\000o\000\040\000F\000i\000n\000a\000n\000c\000e\000\040\000v\000i\000a\000\040\000y\000f\000i\000n\000a\000n\000c\000e\000\051}{subsection.2.6}% 17
\BOOKMARK [3][-]{subsubsection.2.6.4}{\376\377\000p\000r\000o\000v\000i\000d\000e\000r\000s\000/\000m\000a\000r\000k\000e\000t\000/\000f\000m\000p\000.\000p\000y\000\040\000\050\000F\000i\000n\000a\000n\000c\000i\000a\000l\000\040\000M\000o\000d\000e\000l\000i\000n\000g\000\040\000P\000r\000e\000p\000,\000\040\000w\000i\000t\000h\000\040\000f\000a\000l\000l\000b\000a\000c\000k\000\051}{subsection.2.6}% 18
\BOOKMARK [3][-]{subsubsection.2.6.5}{\376\377\000p\000r\000o\000v\000i\000d\000e\000r\000s\000/\000m\000a\000c\000r\000o\000/\000f\000r\000e\000d\000.\000p\000y\000\040\000\050\000F\000R\000E\000D\000\040\000v\000i\000a\000\040\000p\000a\000n\000d\000a\000s\000-\000d\000a\000t\000a\000r\000e\000a\000d\000e\000r\000\051}{subsection.2.6}% 19
\BOOKMARK [3][-]{subsubsection.2.6.6}{\376\377\000p\000r\000o\000v\000i\000d\000e\000r\000s\000/\000n\000e\000w\000s\000/\000g\000d\000e\000l\000t\000.\000p\000y\000\040\000\050\000G\000D\000E\000L\000T\000\040\000d\000o\000c\000\040\000A\000P\000I\000\051}{subsection.2.6}% 20
\BOOKMARK [2][-]{subsection.2.7}{\376\377\000s\000r\000c\000/\000f\000i\000n\000r\000e\000c\000/\000u\000i\000/\000*\000*\000,\000\040\000s\000r\000c\000/\000f\000i\000n\000r\000e\000c\000/\000v\000i\000z\000/\000*\000*\000,\000\040\000s\000r\000c\000/\000f\000i\000n\000r\000e\000c\000/\000d\000a\000t\000a\000s\000e\000t\000s\000/\000*\000*}{section.2}% 21
\BOOKMARK [3][-]{subsubsection.2.7.1}{\376\377\000u\000i\000/\000p\000i\000p\000e\000l\000i\000n\000e\000s\000.\000p\000y\000\040\000\050\000t\000u\000r\000n\000\040\000p\000r\000o\000v\000i\000d\000e\000r\000s\000/\000r\000e\000c\000i\000p\000e\000s\000\040\000i\000n\000t\000o\000\040\000j\000o\000b\000s\000\051}{subsection.2.7}% 22
\BOOKMARK [3][-]{subsubsection.2.7.2}{\376\377\000u\000i\000/\000t\000i\000m\000e\000s\000e\000r\000i\000e\000s\000\137\000c\000a\000t\000a\000l\000o\000g\000.\000p\000y\000\040\000\050\000c\000u\000r\000a\000t\000e\000d\000\040\000o\000p\000t\000i\000o\000n\000\040\000l\000i\000s\000t\000s\000\051}{subsection.2.7}% 23
\BOOKMARK [3][-]{subsubsection.2.7.3}{\376\377\000v\000i\000z\000/\000p\000l\000o\000t\000l\000y\000\137\000t\000i\000m\000e\000s\000e\000r\000i\000e\000s\000.\000p\000y\000\040\000\050\000P\000l\000o\000t\000l\000y\000\040\000f\000i\000g\000u\000r\000e\000\040\000c\000o\000n\000s\000t\000r\000u\000c\000t\000i\000o\000n\000\051}{subsection.2.7}% 24
\BOOKMARK [3][-]{subsubsection.2.7.4}{\376\377\000d\000a\000t\000a\000s\000e\000t\000s\000/\000m\000e\000r\000g\000e\000.\000p\000y\000\040\000\050\000a\000r\000t\000i\000f\000a\000c\000t\000\040\000m\000e\000r\000g\000i\000n\000g\000\051}{subsection.2.7}% 25
\BOOKMARK [2][-]{subsection.2.8}{\376\377\000s\000r\000c\000/\000f\000i\000n\000r\000e\000c\000/\000r\000e\000c\000i\000p\000e\000s\000/\000*\000*\000\040\000\050\000t\000r\000a\000n\000s\000f\000o\000r\000m\000a\000t\000i\000o\000n\000s\000\040\000a\000n\000d\000\040\000m\000o\000d\000e\000l\000s\000\051}{section.2}% 26
\BOOKMARK [3][-]{subsubsection.2.8.1}{\376\377\000C\000o\000m\000m\000o\000n\000\040\000r\000e\000c\000i\000p\000e\000\040\000c\000o\000n\000t\000r\000a\000c\000t\000\040\000\050\000w\000h\000a\000t\000\040\000e\000v\000e\000r\000y\000\040\000r\000e\000c\000i\000p\000e\000\040\000d\000o\000e\000s\000\051}{subsection.2.8}% 27
\BOOKMARK [3][-]{subsubsection.2.8.2}{\376\377\000r\000e\000c\000i\000p\000e\000s\000/\000r\000e\000g\000i\000s\000t\000r\000y\000.\000p\000y\000\040\000\050\000r\000e\000c\000i\000p\000e\000\040\000r\000e\000g\000i\000s\000t\000r\000a\000t\000i\000o\000n\000\051}{subsection.2.8}% 28
\BOOKMARK [3][-]{subsubsection.2.8.3}{\376\377\000r\000e\000c\000i\000p\000e\000s\000/\000f\000o\000r\000e\000c\000a\000s\000t\000/\000\137\000u\000t\000i\000l\000s\000.\000p\000y\000\040\000\050\000f\000o\000r\000e\000c\000a\000s\000t\000i\000n\000g\000\040\000u\000t\000i\000l\000i\000t\000i\000e\000s\000\040\000a\000n\000d\000\040\000s\000t\000a\000n\000d\000a\000r\000d\000i\000z\000e\000d\000\040\000s\000c\000h\000e\000m\000a\000\051}{subsection.2.8}% 29
\BOOKMARK [3][-]{subsubsection.2.8.4}{\376\377\000F\000o\000r\000e\000c\000a\000s\000t\000\040\000r\000e\000c\000i\000p\000e\000s\000\040\000\050\000a\000l\000l\000\040\000o\000u\000t\000p\000u\000t\000\040\000t\000h\000e\000\040\000b\000u\000i\000l\000d\000\137\000f\000o\000r\000e\000c\000a\000s\000t\000\137\000o\000u\000t\000p\000u\000t\000\040\000s\000c\000h\000e\000m\000a\000\051}{subsection.2.8}% 30
\BOOKMARK [3][-]{subsubsection.2.8.5}{\376\377\000T\000i\000m\000e\000-\000s\000e\000r\000i\000e\000s\000\040\000t\000r\000a\000n\000s\000f\000o\000r\000m\000s}{subsection.2.8}% 31
\BOOKMARK [3][-]{subsubsection.2.8.6}{\376\377\000T\000e\000c\000h\000n\000i\000c\000a\000l\000\040\000i\000n\000d\000i\000c\000a\000t\000o\000r\000s}{subsection.2.8}% 32
\BOOKMARK [3][-]{subsubsection.2.8.7}{\376\377\000M\000a\000c\000r\000o\000\040\000t\000r\000a\000n\000s\000f\000o\000r\000m\000s}{subsection.2.8}% 33
\BOOKMARK [3][-]{subsubsection.2.8.8}{\376\377\000E\000c\000o\000n\000o\000m\000e\000t\000r\000i\000c\000s}{subsection.2.8}% 34
\BOOKMARK [3][-]{subsubsection.2.8.9}{\376\377\000N\000e\000w\000s\000\040\000s\000e\000n\000t\000i\000m\000e\000n\000t\000\040\000\050\000F\000i\000n\000B\000E\000R\000T\000\051}{subsection.2.8}% 35
